<?xml version="1.0" encoding="UTF-8"?>
<!-- Generated by org.testng.reporters.JUnitReportReporter -->
<testsuite skipped="0" hostname="DESKTOP-J79O4OK" name="ZeynepDinc.WebsiteCreaterByAutomatical.Automation" tests="1" failures="0" timestamp="2019-10-11T04:21:22 EET" time="14.600" errors="0">
  <testcase name="AutomatiOnWebSite" time="14.600" classname="ZeynepDinc.WebsiteCreaterByAutomatical.Automation"/>
</testsuite> <!-- ZeynepDinc.WebsiteCreaterByAutomatical.Automation -->
